<?xml version="1.0" encoding="UTF-8"?>
<testsuite name="RDM.StopWatchTest" tests="5" skipped="0" failures="1" errors="0" timestamp="2020-06-16T04:32:14" hostname="DESKTOP-OHTD014" time="12.053">
  <properties/>
  <testcase name="recordLapTime()" classname="RDM.StopWatchTest" time="3.026">
    <failure message="org.opentest4j.AssertionFailedError: expected: &lt;true&gt; but was: &lt;false&gt;" type="org.opentest4j.AssertionFailedError">org.opentest4j.AssertionFailedError: expected: &lt;true&gt; but was: &lt;false&gt;
	at org.junit.jupiter.api.AssertionUtils.fail(AssertionUtils.java:55)
	at org.junit.jupiter.api.AssertTrue.assertTrue(AssertTrue.java:40)
	at org.junit.jupiter.api.AssertTrue.assertTrue(AssertTrue.java:35)
	at org.junit.jupiter.api.Assertions.assertTrue(Assertions.java:162)
	at RDM.StopWatchTest.recordLapTime(StopWatchTest.java:117)
	at java.base/jdk.internal.reflect.NativeMethodAccessorImpl.invoke0(Native Method)
	at java.base/jdk.internal.reflect.NativeMethodAccessorImpl.invoke(NativeMethodAccessorImpl.java:62)
	at java.base/jdk.internal.reflect.DelegatingMethodAccessorImpl.invoke(DelegatingMethodAccessorImpl.java:43)
	at java.base/java.lang.reflect.Method.invoke(Method.java:566)
	at org.junit.platform.commons.util.ReflectionUtils.invokeMethod(ReflectionUtils.java:686)
	at org.junit.jupiter.engine.execution.MethodInvocation.proceed(MethodInvocation.java:60)
	at org.junit.jupiter.engine.execution.InvocationInterceptorChain$ValidatingInvocation.proceed(InvocationInterceptorChain.java:131)
	at org.junit.jupiter.engine.extension.TimeoutExtension.intercept(TimeoutExtension.java:149)
	at org.junit.jupiter.engine.extension.TimeoutExtension.interceptTestableMethod(TimeoutExtension.java:140)
	at org.junit.jupiter.engine.extension.TimeoutExtension.interceptTestMethod(TimeoutExtension.java:84)
	at org.junit.jupiter.engine.execution.ExecutableInvoker$ReflectiveInterceptorCall.lambda$ofVoidMethod$0(ExecutableInvoker.java:115)
	at org.junit.jupiter.engine.execution.ExecutableInvoker.lambda$invoke$0(ExecutableInvoker.java:105)
	at org.junit.jupiter.engine.execution.InvocationInterceptorChain$InterceptedInvocation.proceed(InvocationInterceptorChain.java:106)
	at org.junit.jupiter.engine.execution.InvocationInterceptorChain.proceed(InvocationInterceptorChain.java:64)
	at org.junit.jupiter.engine.execution.InvocationInterceptorChain.chainAndInvoke(InvocationInterceptorChain.java:45)
	at org.junit.jupiter.engine.execution.InvocationInterceptorChain.invoke(InvocationInterceptorChain.java:37)
	at org.junit.jupiter.engine.execution.ExecutableInvoker.invoke(ExecutableInvoker.java:104)
	at org.junit.jupiter.engine.execution.ExecutableInvoker.invoke(ExecutableInvoker.java:98)
	at org.junit.jupiter.engine.descriptor.TestMethodTestDescriptor.lambda$invokeTestMethod$6(TestMethodTestDescriptor.java:212)
	at org.junit.platform.engine.support.hierarchical.ThrowableCollector.execute(ThrowableCollector.java:73)
	at org.junit.jupiter.engine.descriptor.TestMethodTestDescriptor.invokeTestMethod(TestMethodTestDescriptor.java:208)
	at org.junit.jupiter.engine.descriptor.TestMethodTestDescriptor.execute(TestMethodTestDescriptor.java:137)
	at org.junit.jupiter.engine.descriptor.TestMethodTestDescriptor.execute(TestMethodTestDescriptor.java:71)
	at org.junit.platform.engine.support.hierarchical.NodeTestTask.lambda$executeRecursively$5(NodeTestTask.java:135)
	at org.junit.platform.engine.support.hierarchical.ThrowableCollector.execute(ThrowableCollector.java:73)
	at org.junit.platform.engine.support.hierarchical.NodeTestTask.lambda$executeRecursively$7(NodeTestTask.java:125)
	at org.junit.platform.engine.support.hierarchical.Node.around(Node.java:135)
	at org.junit.platform.engine.support.hierarchical.NodeTestTask.lambda$executeRecursively$8(NodeTestTask.java:123)
	at org.junit.platform.engine.support.hierarchical.ThrowableCollector.execute(ThrowableCollector.java:73)
	at org.junit.platform.engine.support.hierarchical.NodeTestTask.executeRecursively(NodeTestTask.java:122)
	at org.junit.platform.engine.support.hierarchical.NodeTestTask.execute(NodeTestTask.java:80)
	at java.base/java.util.ArrayList.forEach(ArrayList.java:1540)
	at org.junit.platform.engine.support.hierarchical.SameThreadHierarchicalTestExecutorService.invokeAll(SameThreadHierarchicalTestExecutorService.java:38)
	at org.junit.platform.engine.support.hierarchical.NodeTestTask.lambda$executeRecursively$5(NodeTestTask.java:139)
	at org.junit.platform.engine.support.hierarchical.ThrowableCollector.execute(ThrowableCollector.java:73)
	at org.junit.platform.engine.support.hierarchical.NodeTestTask.lambda$executeRecursively$7(NodeTestTask.java:125)
	at org.junit.platform.engine.support.hierarchical.Node.around(Node.java:135)
	at org.junit.platform.engine.support.hierarchical.NodeTestTask.lambda$executeRecursively$8(NodeTestTask.java:123)
	at org.junit.platform.engine.support.hierarchical.ThrowableCollector.execute(ThrowableCollector.java:73)
	at org.junit.platform.engine.support.hierarchical.NodeTestTask.executeRecursively(NodeTestTask.java:122)
	at org.junit.platform.engine.support.hierarchical.NodeTestTask.execute(NodeTestTask.java:80)
	at java.base/java.util.ArrayList.forEach(ArrayList.java:1540)
	at org.junit.platform.engine.support.hierarchical.SameThreadHierarchicalTestExecutorService.invokeAll(SameThreadHierarchicalTestExecutorService.java:38)
	at org.junit.platform.engine.support.hierarchical.NodeTestTask.lambda$executeRecursively$5(NodeTestTask.java:139)
	at org.junit.platform.engine.support.hierarchical.ThrowableCollector.execute(ThrowableCollector.java:73)
	at org.junit.platform.engine.support.hierarchical.NodeTestTask.lambda$executeRecursively$7(NodeTestTask.java:125)
	at org.junit.platform.engine.support.hierarchical.Node.around(Node.java:135)
	at org.junit.platform.engine.support.hierarchical.NodeTestTask.lambda$executeRecursively$8(NodeTestTask.java:123)
	at org.junit.platform.engine.support.hierarchical.ThrowableCollector.execute(ThrowableCollector.java:73)
	at org.junit.platform.engine.support.hierarchical.NodeTestTask.executeRecursively(NodeTestTask.java:122)
	at org.junit.platform.engine.support.hierarchical.NodeTestTask.execute(NodeTestTask.java:80)
	at org.junit.platform.engine.support.hierarchical.SameThreadHierarchicalTestExecutorService.submit(SameThreadHierarchicalTestExecutorService.java:32)
	at org.junit.platform.engine.support.hierarchical.HierarchicalTestExecutor.execute(HierarchicalTestExecutor.java:57)
	at org.junit.platform.engine.support.hierarchical.HierarchicalTestEngine.execute(HierarchicalTestEngine.java:51)
	at org.junit.platform.launcher.core.DefaultLauncher.execute(DefaultLauncher.java:220)
	at org.junit.platform.launcher.core.DefaultLauncher.lambda$execute$6(DefaultLauncher.java:188)
	at org.junit.platform.launcher.core.DefaultLauncher.withInterceptedStreams(DefaultLauncher.java:202)
	at org.junit.platform.launcher.core.DefaultLauncher.execute(DefaultLauncher.java:181)
	at org.junit.platform.launcher.core.DefaultLauncher.execute(DefaultLauncher.java:128)
	at org.gradle.api.internal.tasks.testing.junitplatform.JUnitPlatformTestClassProcessor$CollectAllTestClassesExecutor.processAllTestClasses(JUnitPlatformTestClassProcessor.java:102)
	at org.gradle.api.internal.tasks.testing.junitplatform.JUnitPlatformTestClassProcessor$CollectAllTestClassesExecutor.access$000(JUnitPlatformTestClassProcessor.java:82)
	at org.gradle.api.internal.tasks.testing.junitplatform.JUnitPlatformTestClassProcessor.stop(JUnitPlatformTestClassProcessor.java:78)
	at org.gradle.api.internal.tasks.testing.SuiteTestClassProcessor.stop(SuiteTestClassProcessor.java:61)
	at java.base/jdk.internal.reflect.NativeMethodAccessorImpl.invoke0(Native Method)
	at java.base/jdk.internal.reflect.NativeMethodAccessorImpl.invoke(NativeMethodAccessorImpl.java:62)
	at java.base/jdk.internal.reflect.DelegatingMethodAccessorImpl.invoke(DelegatingMethodAccessorImpl.java:43)
	at java.base/java.lang.reflect.Method.invoke(Method.java:566)
	at org.gradle.internal.dispatch.ReflectionDispatch.dispatch(ReflectionDispatch.java:35)
	at org.gradle.internal.dispatch.ReflectionDispatch.dispatch(ReflectionDispatch.java:24)
	at org.gradle.internal.dispatch.ContextClassLoaderDispatch.dispatch(ContextClassLoaderDispatch.java:32)
	at org.gradle.internal.dispatch.ProxyDispatchAdapter$DispatchingInvocationHandler.invoke(ProxyDispatchAdapter.java:93)
	at com.sun.proxy.$Proxy2.stop(Unknown Source)
	at org.gradle.api.internal.tasks.testing.worker.TestWorker.stop(TestWorker.java:132)
	at java.base/jdk.internal.reflect.NativeMethodAccessorImpl.invoke0(Native Method)
	at java.base/jdk.internal.reflect.NativeMethodAccessorImpl.invoke(NativeMethodAccessorImpl.java:62)
	at java.base/jdk.internal.reflect.DelegatingMethodAccessorImpl.invoke(DelegatingMethodAccessorImpl.java:43)
	at java.base/java.lang.reflect.Method.invoke(Method.java:566)
	at org.gradle.internal.dispatch.ReflectionDispatch.dispatch(ReflectionDispatch.java:35)
	at org.gradle.internal.dispatch.ReflectionDispatch.dispatch(ReflectionDispatch.java:24)
	at org.gradle.internal.remote.internal.hub.MessageHubBackedObjectConnection$DispatchWrapper.dispatch(MessageHubBackedObjectConnection.java:175)
	at org.gradle.internal.remote.internal.hub.MessageHubBackedObjectConnection$DispatchWrapper.dispatch(MessageHubBackedObjectConnection.java:157)
	at org.gradle.internal.remote.internal.hub.MessageHub$Handler.run(MessageHub.java:404)
	at org.gradle.internal.concurrent.ExecutorPolicy$CatchAndRecordFailures.onExecute(ExecutorPolicy.java:63)
	at org.gradle.internal.concurrent.ManagedExecutorImpl$1.run(ManagedExecutorImpl.java:46)
	at java.base/java.util.concurrent.ThreadPoolExecutor.runWorker(ThreadPoolExecutor.java:1128)
	at java.base/java.util.concurrent.ThreadPoolExecutor$Worker.run(ThreadPoolExecutor.java:628)
	at org.gradle.internal.concurrent.ThreadFactoryImpl$ManagedThreadRunnable.run(ThreadFactoryImpl.java:55)
	at java.base/java.lang.Thread.run(Thread.java:834)
</failure>
  </testcase>
  <testcase name="pauseStopwatch()" classname="RDM.StopWatchTest" time="3.007"/>
  <testcase name="clearStopwatch()" classname="RDM.StopWatchTest" time="3.013"/>
  <testcase name="showLapTime()" classname="RDM.StopWatchTest" time="0.001"/>
  <testcase name="startStopwatch()" classname="RDM.StopWatchTest" time="3.004"/>
  <system-out><![CDATA[Sub display call : <html>20 06 16 화</html>
2020-06-16T13:32:15.254202800
in Timekeeping
Main display call : <html>13 : 32 : 15</html>
in StopWatch
Main display call : <html>00 : 00 : 00</html>
Sub display call : <html><font color='red'>20</font> 06 16 화</html>
Sub display call : <html>20 06 16 화</html>
in StopWatch
Main display call : <html>00 : 00 : 00</html>
Sub display call : <html>20 06 16 화</html>
in StopWatch
Main display call : <html>00 : 00 : 01</html>
Sub display call : <html>20 06 16 화</html>
2020-06-16T13:32:16.124201500
in Timekeeping
Main display call : <html>13 : 32 : 16</html>
Sub display call : <html>20 06 16 화</html>
2020-06-16T13:32:16.213202
in Timekeeping
Main display call : <html>13 : 32 : 16</html>
Sub display call : <html>20 06 16 화</html>
2020-06-16T13:32:16.227204300
in Timekeeping
Main display call : <html>13 : 32 : 16</html>
Sub display call : <html>20 06 16 화</html>
2020-06-16T13:32:16.230203100
in Timekeeping
Main display call : <html>13 : 32 : 16</html>
Sub display call : <html>20 06 16 화</html>
2020-06-16T13:32:16.232202200
in Timekeeping
Main display call : <html>13 : 32 : 16</html>
Sub display call : <html>20 06 16 화</html>
2020-06-16T13:32:16.235203200
in Timekeeping
Main display call : <html>13 : 32 : 16</html>
Sub display call : <html>20 06 16 화</html>
2020-06-16T13:32:16.249204700
in Timekeeping
Main display call : <html>13 : 32 : 16</html>
Sub display call : <html>20 06 16 화</html>
2020-06-16T13:32:16.252203200
in Timekeeping
Main display call : <html>13 : 32 : 16</html>
Sub display call : <html>20 06 16 화</html>
2020-06-16T13:32:16.254202800
in Timekeeping
Main display call : <html>13 : 32 : 16</html>
Sub display call : <html><font color='red'>20</font> 06 16 화</html>
in StopWatch
Main display call : <html>00 : 00 : 02</html>
Sub display call : <html>20 06 16 화</html>
2020-06-16T13:32:17.124201500
in Timekeeping
Main display call : <html>13 : 32 : 17</html>
Sub display call : <html>20 06 16 화</html>
2020-06-16T13:32:17.213202
in Timekeeping
Main display call : <html>13 : 32 : 17</html>
Sub display call : <html>20 06 16 화</html>
2020-06-16T13:32:17.227204300
in Timekeeping
Main display call : <html>13 : 32 : 17</html>
Sub display call : <html>20 06 16 화</html>
2020-06-16T13:32:17.230203100
in Timekeeping
Main display call : <html>13 : 32 : 17</html>
Sub display call : <html>20 06 16 화</html>
2020-06-16T13:32:17.232202200
in Timekeeping
Main display call : <html>13 : 32 : 17</html>
Sub display call : <html>20 06 16 화</html>
2020-06-16T13:32:17.235203200
in Timekeeping
Main display call : <html>13 : 32 : 17</html>
Sub display call : <html>20 06 16 화</html>
2020-06-16T13:32:17.249204700
in Timekeeping
Main display call : <html>13 : 32 : 17</html>
Sub display call : <html>20 06 16 화</html>
2020-06-16T13:32:17.252203200
in Timekeeping
Main display call : <html>13 : 32 : 17</html>
Sub display call : <html>20 06 16 화</html>
2020-06-16T13:32:17.254202800
in Timekeeping
Main display call : <html>13 : 32 : 17</html>
Sub display call : <html><font color='red'>20</font> 06 16 화</html>
in StopWatch
Main display call : <html>00 : 00 : 03</html>
Sub display call : <html>20 06 16 화</html>
2020-06-16T13:32:18.124201500
in Timekeeping
Main display call : <html>13 : 32 : 18</html>
Sub display call : <html>20 06 16 화</html>
2020-06-16T13:32:18.213202
in Timekeeping
Main display call : <html>13 : 32 : 18</html>
Sub display call : <html>20 06 16 화</html>
2020-06-16T13:32:18.227204300
in Timekeeping
Main display call : <html>13 : 32 : 18</html>
Sub display call : <html>20 06 16 화</html>
2020-06-16T13:32:18.230203100
in Timekeeping
Main display call : <html>13 : 32 : 18</html>
Sub display call : <html>20 06 16 화</html>
2020-06-16T13:32:18.232202200
in Timekeeping
Main display call : <html>13 : 32 : 18</html>
Sub display call : <html>20 06 16 화</html>
2020-06-16T13:32:18.235203200
in Timekeeping
Main display call : <html>13 : 32 : 18</html>
Sub display call : <html>20 06 16 화</html>
2020-06-16T13:32:18.249204700
in Timekeeping
Main display call : <html>13 : 32 : 18</html>
Sub display call : <html>20 06 16 화</html>
2020-06-16T13:32:18.252203200
in Timekeeping
Main display call : <html>13 : 32 : 18</html>
Sub display call : <html>20 06 16 화</html>
2020-06-16T13:32:18.254202800
in Timekeeping
Main display call : <html>13 : 32 : 18</html>
Sub display call : <html><font color='red'>20</font> 06 16 화</html>
in StopWatch
Main display call : <html>00 : 00 : 04</html>
in StopWatch
Main display call : <html>00 : 00 : 04</html>
Sub display call : <html>20 06 16 화</html>
Sub display call : <html>20 06 16 화</html>
in StopWatch
Main display call : <html>00 : 00 : 04</html>
Sub display call : <html>20 06 16 화</html>
in StopWatch
Main display call : <html>00 : 00 : 04</html>
Sub display call : <html>20 06 16 화</html>
in StopWatch
Main display call : <html>00 : 00 : 00</html>
Sub display call : <html>20 06 16 화</html>
in StopWatch
Main display call : <html>00 : 00 : 01</html>
in StopWatch
Main display call : <html>00 : 00 : 01</html>
Sub display call : <html>20 06 16 화</html>
Sub display call : <html>20 06 16 화</html>
in StopWatch
Main display call : <html>00 : 00 : 01</html>
Sub display call : <html>20 06 16 화</html>
2020-06-16T13:32:19.124201500
in Timekeeping
Main display call : <html>13 : 32 : 19</html>
Sub display call : <html>20 06 16 화</html>
2020-06-16T13:32:19.213202
in Timekeeping
Main display call : <html>13 : 32 : 19</html>
Sub display call : <html>20 06 16 화</html>
2020-06-16T13:32:19.227204300
in Timekeeping
Main display call : <html>13 : 32 : 19</html>
Sub display call : <html>20 06 16 화</html>
2020-06-16T13:32:19.230203100
in Timekeeping
Main display call : <html>13 : 32 : 19</html>
Sub display call : <html>20 06 16 화</html>
2020-06-16T13:32:19.232202200
in Timekeeping
Main display call : <html>13 : 32 : 19</html>
Sub display call : <html>20 06 16 화</html>
2020-06-16T13:32:19.235203200
in Timekeeping
Main display call : <html>13 : 32 : 19</html>
Sub display call : <html>20 06 16 화</html>
2020-06-16T13:32:19.249204700
in Timekeeping
Main display call : <html>13 : 32 : 19</html>
Sub display call : <html>20 06 16 화</html>
2020-06-16T13:32:19.252203200
in Timekeeping
Main display call : <html>13 : 32 : 19</html>
Sub display call : <html>20 06 16 화</html>
2020-06-16T13:32:19.254202800
in Timekeeping
Main display call : <html>13 : 32 : 19</html>
Sub display call : <html><font color='red'>20</font> 06 16 화</html>
2020-06-16T13:32:20.124201500
in Timekeeping
Main display call : <html>13 : 32 : 20</html>
Sub display call : <html>20 06 16 화</html>
2020-06-16T13:32:20.213202
in Timekeeping
Main display call : <html>13 : 32 : 20</html>
Sub display call : <html>20 06 16 화</html>
2020-06-16T13:32:20.227204300
in Timekeeping
Main display call : <html>13 : 32 : 20</html>
Sub display call : <html>20 06 16 화</html>
2020-06-16T13:32:20.230203100
in Timekeeping
Main display call : <html>13 : 32 : 20</html>
Sub display call : <html>20 06 16 화</html>
2020-06-16T13:32:20.232202200
in Timekeeping
Main display call : <html>13 : 32 : 20</html>
Sub display call : <html>20 06 16 화</html>
2020-06-16T13:32:20.235203200
in Timekeeping
Main display call : <html>13 : 32 : 20</html>
Sub display call : <html>20 06 16 화</html>
2020-06-16T13:32:20.249204700
in Timekeeping
Main display call : <html>13 : 32 : 20</html>
Sub display call : <html>20 06 16 화</html>
2020-06-16T13:32:20.252203200
in Timekeeping
Main display call : <html>13 : 32 : 20</html>
Sub display call : <html>20 06 16 화</html>
2020-06-16T13:32:20.254202800
in Timekeeping
Main display call : <html>13 : 32 : 20</html>
Sub display call : <html><font color='red'>20</font> 06 16 화</html>
2020-06-16T13:32:21.124201500
in Timekeeping
Main display call : <html>13 : 32 : 21</html>
Sub display call : <html>20 06 16 화</html>
2020-06-16T13:32:21.213202
in Timekeeping
Main display call : <html>13 : 32 : 21</html>
Sub display call : <html>20 06 16 화</html>
2020-06-16T13:32:21.227204300
in Timekeeping
Main display call : <html>13 : 32 : 21</html>
Sub display call : <html>20 06 16 화</html>
2020-06-16T13:32:21.230203100
in Timekeeping
Main display call : <html>13 : 32 : 21</html>
Sub display call : <html>20 06 16 화</html>
2020-06-16T13:32:21.232202200
in Timekeeping
Main display call : <html>13 : 32 : 21</html>
Sub display call : <html>20 06 16 화</html>
2020-06-16T13:32:21.235203200
in Timekeeping
Main display call : <html>13 : 32 : 21</html>
Sub display call : <html>20 06 16 화</html>
2020-06-16T13:32:21.249204700
in Timekeeping
Main display call : <html>13 : 32 : 21</html>
Sub display call : <html>20 06 16 화</html>
2020-06-16T13:32:21.252203200
in Timekeeping
Main display call : <html>13 : 32 : 21</html>
Sub display call : <html>20 06 16 화</html>
2020-06-16T13:32:21.254202800
in Timekeeping
Main display call : <html>13 : 32 : 21</html>
Sub display call : <html><font color='red'>20</font> 06 16 화</html>
in StopWatch
Main display call : <html>00 : 00 : 00</html>
Sub display call : <html>20 06 16 화</html>
in StopWatch
Main display call : <html>00 : 00 : 01</html>
in StopWatch
Main display call : <html>00 : 00 : 01</html>
Sub display call : <html>20 06 16 화</html>
Sub display call : <html>20 06 16 화</html>
2020-06-16T13:32:22.124201500
in Timekeeping
Main display call : <html>13 : 32 : 22</html>
Sub display call : <html>20 06 16 화</html>
2020-06-16T13:32:22.213202
in Timekeeping
Main display call : <html>13 : 32 : 22</html>
Sub display call : <html>20 06 16 화</html>
2020-06-16T13:32:22.227204300
in Timekeeping
Main display call : <html>13 : 32 : 22</html>
Sub display call : <html>20 06 16 화</html>
2020-06-16T13:32:22.230203100
in Timekeeping
Main display call : <html>13 : 32 : 22</html>
Sub display call : <html>20 06 16 화</html>
2020-06-16T13:32:22.232202200
in Timekeeping
Main display call : <html>13 : 32 : 22</html>
Sub display call : <html>20 06 16 화</html>
2020-06-16T13:32:22.235203200
in Timekeeping
Main display call : <html>13 : 32 : 22</html>
Sub display call : <html>20 06 16 화</html>
2020-06-16T13:32:22.249204700
in Timekeeping
Main display call : <html>13 : 32 : 22</html>
Sub display call : <html>20 06 16 화</html>
2020-06-16T13:32:22.252203200
in Timekeeping
Main display call : <html>13 : 32 : 22</html>
Sub display call : <html>20 06 16 화</html>
2020-06-16T13:32:22.254202800
in Timekeeping
Main display call : <html>13 : 32 : 22</html>
Sub display call : <html><font color='red'>20</font> 06 16 화</html>
in StopWatch
Main display call : <html>00 : 00 : 02</html>
Sub display call : <html>20 06 16 화</html>
2020-06-16T13:32:23.124201500
in Timekeeping
Main display call : <html>13 : 32 : 23</html>
Sub display call : <html>20 06 16 화</html>
2020-06-16T13:32:23.213202
in Timekeeping
Main display call : <html>13 : 32 : 23</html>
Sub display call : <html>20 06 16 화</html>
2020-06-16T13:32:23.227204300
in Timekeeping
Main display call : <html>13 : 32 : 23</html>
Sub display call : <html>20 06 16 화</html>
2020-06-16T13:32:23.230203100
in Timekeeping
Main display call : <html>13 : 32 : 23</html>
Sub display call : <html>20 06 16 화</html>
2020-06-16T13:32:23.232202200
in Timekeeping
Main display call : <html>13 : 32 : 23</html>
Sub display call : <html>20 06 16 화</html>
2020-06-16T13:32:23.235203200
in Timekeeping
Main display call : <html>13 : 32 : 23</html>
Sub display call : <html>20 06 16 화</html>
2020-06-16T13:32:23.249204700
in Timekeeping
Main display call : <html>13 : 32 : 23</html>
Sub display call : <html>20 06 16 화</html>
2020-06-16T13:32:23.252203200
in Timekeeping
Main display call : <html>13 : 32 : 23</html>
Sub display call : <html>20 06 16 화</html>
2020-06-16T13:32:23.254202800
in Timekeeping
Main display call : <html>13 : 32 : 23</html>
Sub display call : <html><font color='red'>20</font> 06 16 화</html>
in StopWatch
Main display call : <html>00 : 00 : 03</html>
Sub display call : <html>20 06 16 화</html>
2020-06-16T13:32:24.124201500
in Timekeeping
Main display call : <html>13 : 32 : 24</html>
Sub display call : <html>20 06 16 화</html>
2020-06-16T13:32:24.213202
in Timekeeping
Main display call : <html>13 : 32 : 24</html>
Sub display call : <html>20 06 16 화</html>
2020-06-16T13:32:24.227204300
in Timekeeping
Main display call : <html>13 : 32 : 24</html>
Sub display call : <html>20 06 16 화</html>
2020-06-16T13:32:24.230203100
in Timekeeping
Main display call : <html>13 : 32 : 24</html>
Sub display call : <html>20 06 16 화</html>
2020-06-16T13:32:24.232202200
in Timekeeping
Main display call : <html>13 : 32 : 24</html>
Sub display call : <html>20 06 16 화</html>
2020-06-16T13:32:24.235203200
in Timekeeping
Main display call : <html>13 : 32 : 24</html>
Sub display call : <html>20 06 16 화</html>
2020-06-16T13:32:24.249204700
in Timekeeping
Main display call : <html>13 : 32 : 24</html>
Sub display call : <html>20 06 16 화</html>
2020-06-16T13:32:24.252203200
in Timekeeping
Main display call : <html>13 : 32 : 24</html>
Sub display call : <html>20 06 16 화</html>
2020-06-16T13:32:24.254202800
in Timekeeping
Main display call : <html>13 : 32 : 24</html>
Sub display call : <html><font color='red'>20</font> 06 16 화</html>
in StopWatch
Main display call : <html>00 : 00 : 04</html>
in StopWatch
Main display call : <html>00 : 00 : 04</html>
Sub display call : <html>20 06 16 화</html>
Sub display call : <html>20 06 16 화</html>
in StopWatch
Main display call : <html>00 : 00 : 00</html>
Sub display call : <html>20 06 16 화</html>
2020-06-16T13:32:24.780422
2020-06-16T13:32:24.780422
in Timekeeping
in Timekeeping
Main display call : <html>13 : 32 : 24</html>
Main display call : <html>13 : 32 : 24</html>
Sub display call : <html>20 06 16 화</html>
Sub display call : <html>20 06 16 화</html>
in StopWatch
Main display call : <html>00 : 00 : 00</html>
Sub display call : <html>20 06 16 화</html>
in StopWatch
Main display call : <html>00 : 00 : 00</html>
Sub display call : <html>20 06 16 화</html>
in StopWatch
Main display call : <html>00 : 00 : 01</html>
Sub display call : <html>20 06 16 화</html>
2020-06-16T13:32:25.124201500
in Timekeeping
Main display call : <html>13 : 32 : 25</html>
Sub display call : <html>20 06 16 화</html>
2020-06-16T13:32:25.213202
in Timekeeping
Main display call : <html>13 : 32 : 25</html>
Sub display call : <html>20 06 16 화</html>
2020-06-16T13:32:25.227204300
in Timekeeping
Main display call : <html>13 : 32 : 25</html>
Sub display call : <html>20 06 16 화</html>
2020-06-16T13:32:25.230203100
in Timekeeping
Main display call : <html>13 : 32 : 25</html>
Sub display call : <html>20 06 16 화</html>
2020-06-16T13:32:25.232202200
in Timekeeping
Main display call : <html>13 : 32 : 25</html>
Sub display call : <html>20 06 16 화</html>
2020-06-16T13:32:25.235203200
in Timekeeping
Main display call : <html>13 : 32 : 25</html>
Sub display call : <html>20 06 16 화</html>
2020-06-16T13:32:25.249204700
in Timekeeping
Main display call : <html>13 : 32 : 25</html>
Sub display call : <html>20 06 16 화</html>
2020-06-16T13:32:25.252203200
in Timekeeping
Main display call : <html>13 : 32 : 25</html>
Sub display call : <html>20 06 16 화</html>
2020-06-16T13:32:25.254202800
in Timekeeping
Main display call : <html>13 : 32 : 25</html>
Sub display call : <html><font color='red'>20</font> 06 16 화</html>
2020-06-16T13:32:25.780422
in Timekeeping
Main display call : <html>13 : 32 : 25</html>
Sub display call : <html>20 06 16 화</html>
in StopWatch
Main display call : <html>00 : 00 : 02</html>
Sub display call : <html>20 06 16 화</html>
2020-06-16T13:32:26.124201500
in Timekeeping
Main display call : <html>13 : 32 : 26</html>
Sub display call : <html>20 06 16 화</html>
2020-06-16T13:32:26.213202
in Timekeeping
Main display call : <html>13 : 32 : 26</html>
Sub display call : <html>20 06 16 화</html>
2020-06-16T13:32:26.227204300
in Timekeeping
Main display call : <html>13 : 32 : 26</html>
Sub display call : <html>20 06 16 화</html>
2020-06-16T13:32:26.230203100
in Timekeeping
Main display call : <html>13 : 32 : 26</html>
Sub display call : <html>20 06 16 화</html>
2020-06-16T13:32:26.232202200
in Timekeeping
Main display call : <html>13 : 32 : 26</html>
Sub display call : <html>20 06 16 화</html>
2020-06-16T13:32:26.235203200
in Timekeeping
Main display call : <html>13 : 32 : 26</html>
Sub display call : <html>20 06 16 화</html>
2020-06-16T13:32:26.249204700
in Timekeeping
Main display call : <html>13 : 32 : 26</html>
Sub display call : <html>20 06 16 화</html>
2020-06-16T13:32:26.252203200
in Timekeeping
Main display call : <html>13 : 32 : 26</html>
Sub display call : <html>20 06 16 화</html>
2020-06-16T13:32:26.254202800
in Timekeeping
Main display call : <html>13 : 32 : 26</html>
Sub display call : <html><font color='red'>20</font> 06 16 화</html>
2020-06-16T13:32:26.780422
in Timekeeping
Main display call : <html>13 : 32 : 26</html>
Sub display call : <html>20 06 16 화</html>
in StopWatch
Main display call : <html>00 : 00 : 03</html>
Sub display call : <html>20 06 16 화</html>
2020-06-16T13:32:27.124201500
in Timekeeping
Main display call : <html>13 : 32 : 27</html>
Sub display call : <html>20 06 16 화</html>
2020-06-16T13:32:27.213202
in Timekeeping
Main display call : <html>13 : 32 : 27</html>
Sub display call : <html>20 06 16 화</html>
2020-06-16T13:32:27.227204300
in Timekeeping
Main display call : <html>13 : 32 : 27</html>
Sub display call : <html>20 06 16 화</html>
2020-06-16T13:32:27.230203100
in Timekeeping
Main display call : <html>13 : 32 : 27</html>
Sub display call : <html>20 06 16 화</html>
2020-06-16T13:32:27.232202200
in Timekeeping
Main display call : <html>13 : 32 : 27</html>
Sub display call : <html>20 06 16 화</html>
2020-06-16T13:32:27.235203200
in Timekeeping
Main display call : <html>13 : 32 : 27</html>
Sub display call : <html>20 06 16 화</html>
2020-06-16T13:32:27.249204700
in Timekeeping
Main display call : <html>13 : 32 : 27</html>
Sub display call : <html>20 06 16 화</html>
2020-06-16T13:32:27.252203200
in Timekeeping
Main display call : <html>13 : 32 : 27</html>
Sub display call : <html>20 06 16 화</html>
2020-06-16T13:32:27.254202800
in Timekeeping
Main display call : <html>13 : 32 : 27</html>
Sub display call : <html><font color='red'>20</font> 06 16 화</html>
2020-06-16T13:32:27.780422
in Timekeeping
Main display call : <html>13 : 32 : 27</html>
Sub display call : <html>20 06 16 화</html>
in StopWatch
Main display call : <html>00 : 00 : 04</html>
]]></system-out>
  <system-err><![CDATA[]]></system-err>
</testsuite>
