<?xml version="1.0" encoding="UTF-8"?>
<testsuite name="RDM.DecisionMakerTest" tests="2" skipped="0" failures="0" errors="0" timestamp="2020-06-16T04:32:14" hostname="DESKTOP-OHTD014" time="0.003">
  <properties/>
  <testcase name="setCaseNumber()" classname="RDM.DecisionMakerTest" time="0.002"/>
  <testcase name="getCase()" classname="RDM.DecisionMakerTest" time="0.0"/>
  <system-out><![CDATA[]]></system-out>
  <system-err><![CDATA[]]></system-err>
</testsuite>
