<?xml version="1.0" encoding="UTF-8"?>
<testsuite name="TEST.TimerTest" tests="5" skipped="0" failures="2" errors="0" timestamp="2020-06-16T04:32:26" hostname="DESKTOP-OHTD014" time="8.009">
  <properties/>
  <testcase name="NotifyTheEndOfTimer()" classname="TEST.TimerTest" time="0.002">
    <failure message="org.opentest4j.AssertionFailedError: expected: &lt;true&gt; but was: &lt;false&gt;" type="org.opentest4j.AssertionFailedError">org.opentest4j.AssertionFailedError: expected: &lt;true&gt; but was: &lt;false&gt;
	at org.junit.jupiter.api.AssertionUtils.fail(AssertionUtils.java:55)
	at org.junit.jupiter.api.AssertTrue.assertTrue(AssertTrue.java:40)
	at org.junit.jupiter.api.AssertTrue.assertTrue(AssertTrue.java:35)
	at org.junit.jupiter.api.Assertions.assertTrue(Assertions.java:162)
	at TEST.TimerTest.NotifyTheEndOfTimer(TimerTest.java:81)
	at java.base/jdk.internal.reflect.NativeMethodAccessorImpl.invoke0(Native Method)
	at java.base/jdk.internal.reflect.NativeMethodAccessorImpl.invoke(NativeMethodAccessorImpl.java:62)
	at java.base/jdk.internal.reflect.DelegatingMethodAccessorImpl.invoke(DelegatingMethodAccessorImpl.java:43)
	at java.base/java.lang.reflect.Method.invoke(Method.java:566)
	at org.junit.platform.commons.util.ReflectionUtils.invokeMethod(ReflectionUtils.java:686)
	at org.junit.jupiter.engine.execution.MethodInvocation.proceed(MethodInvocation.java:60)
	at org.junit.jupiter.engine.execution.InvocationInterceptorChain$ValidatingInvocation.proceed(InvocationInterceptorChain.java:131)
	at org.junit.jupiter.engine.extension.TimeoutExtension.intercept(TimeoutExtension.java:149)
	at org.junit.jupiter.engine.extension.TimeoutExtension.interceptTestableMethod(TimeoutExtension.java:140)
	at org.junit.jupiter.engine.extension.TimeoutExtension.interceptTestMethod(TimeoutExtension.java:84)
	at org.junit.jupiter.engine.execution.ExecutableInvoker$ReflectiveInterceptorCall.lambda$ofVoidMethod$0(ExecutableInvoker.java:115)
	at org.junit.jupiter.engine.execution.ExecutableInvoker.lambda$invoke$0(ExecutableInvoker.java:105)
	at org.junit.jupiter.engine.execution.InvocationInterceptorChain$InterceptedInvocation.proceed(InvocationInterceptorChain.java:106)
	at org.junit.jupiter.engine.execution.InvocationInterceptorChain.proceed(InvocationInterceptorChain.java:64)
	at org.junit.jupiter.engine.execution.InvocationInterceptorChain.chainAndInvoke(InvocationInterceptorChain.java:45)
	at org.junit.jupiter.engine.execution.InvocationInterceptorChain.invoke(InvocationInterceptorChain.java:37)
	at org.junit.jupiter.engine.execution.ExecutableInvoker.invoke(ExecutableInvoker.java:104)
	at org.junit.jupiter.engine.execution.ExecutableInvoker.invoke(ExecutableInvoker.java:98)
	at org.junit.jupiter.engine.descriptor.TestMethodTestDescriptor.lambda$invokeTestMethod$6(TestMethodTestDescriptor.java:212)
	at org.junit.platform.engine.support.hierarchical.ThrowableCollector.execute(ThrowableCollector.java:73)
	at org.junit.jupiter.engine.descriptor.TestMethodTestDescriptor.invokeTestMethod(TestMethodTestDescriptor.java:208)
	at org.junit.jupiter.engine.descriptor.TestMethodTestDescriptor.execute(TestMethodTestDescriptor.java:137)
	at org.junit.jupiter.engine.descriptor.TestMethodTestDescriptor.execute(TestMethodTestDescriptor.java:71)
	at org.junit.platform.engine.support.hierarchical.NodeTestTask.lambda$executeRecursively$5(NodeTestTask.java:135)
	at org.junit.platform.engine.support.hierarchical.ThrowableCollector.execute(ThrowableCollector.java:73)
	at org.junit.platform.engine.support.hierarchical.NodeTestTask.lambda$executeRecursively$7(NodeTestTask.java:125)
	at org.junit.platform.engine.support.hierarchical.Node.around(Node.java:135)
	at org.junit.platform.engine.support.hierarchical.NodeTestTask.lambda$executeRecursively$8(NodeTestTask.java:123)
	at org.junit.platform.engine.support.hierarchical.ThrowableCollector.execute(ThrowableCollector.java:73)
	at org.junit.platform.engine.support.hierarchical.NodeTestTask.executeRecursively(NodeTestTask.java:122)
	at org.junit.platform.engine.support.hierarchical.NodeTestTask.execute(NodeTestTask.java:80)
	at java.base/java.util.ArrayList.forEach(ArrayList.java:1540)
	at org.junit.platform.engine.support.hierarchical.SameThreadHierarchicalTestExecutorService.invokeAll(SameThreadHierarchicalTestExecutorService.java:38)
	at org.junit.platform.engine.support.hierarchical.NodeTestTask.lambda$executeRecursively$5(NodeTestTask.java:139)
	at org.junit.platform.engine.support.hierarchical.ThrowableCollector.execute(ThrowableCollector.java:73)
	at org.junit.platform.engine.support.hierarchical.NodeTestTask.lambda$executeRecursively$7(NodeTestTask.java:125)
	at org.junit.platform.engine.support.hierarchical.Node.around(Node.java:135)
	at org.junit.platform.engine.support.hierarchical.NodeTestTask.lambda$executeRecursively$8(NodeTestTask.java:123)
	at org.junit.platform.engine.support.hierarchical.ThrowableCollector.execute(ThrowableCollector.java:73)
	at org.junit.platform.engine.support.hierarchical.NodeTestTask.executeRecursively(NodeTestTask.java:122)
	at org.junit.platform.engine.support.hierarchical.NodeTestTask.execute(NodeTestTask.java:80)
	at java.base/java.util.ArrayList.forEach(ArrayList.java:1540)
	at org.junit.platform.engine.support.hierarchical.SameThreadHierarchicalTestExecutorService.invokeAll(SameThreadHierarchicalTestExecutorService.java:38)
	at org.junit.platform.engine.support.hierarchical.NodeTestTask.lambda$executeRecursively$5(NodeTestTask.java:139)
	at org.junit.platform.engine.support.hierarchical.ThrowableCollector.execute(ThrowableCollector.java:73)
	at org.junit.platform.engine.support.hierarchical.NodeTestTask.lambda$executeRecursively$7(NodeTestTask.java:125)
	at org.junit.platform.engine.support.hierarchical.Node.around(Node.java:135)
	at org.junit.platform.engine.support.hierarchical.NodeTestTask.lambda$executeRecursively$8(NodeTestTask.java:123)
	at org.junit.platform.engine.support.hierarchical.ThrowableCollector.execute(ThrowableCollector.java:73)
	at org.junit.platform.engine.support.hierarchical.NodeTestTask.executeRecursively(NodeTestTask.java:122)
	at org.junit.platform.engine.support.hierarchical.NodeTestTask.execute(NodeTestTask.java:80)
	at org.junit.platform.engine.support.hierarchical.SameThreadHierarchicalTestExecutorService.submit(SameThreadHierarchicalTestExecutorService.java:32)
	at org.junit.platform.engine.support.hierarchical.HierarchicalTestExecutor.execute(HierarchicalTestExecutor.java:57)
	at org.junit.platform.engine.support.hierarchical.HierarchicalTestEngine.execute(HierarchicalTestEngine.java:51)
	at org.junit.platform.launcher.core.DefaultLauncher.execute(DefaultLauncher.java:220)
	at org.junit.platform.launcher.core.DefaultLauncher.lambda$execute$6(DefaultLauncher.java:188)
	at org.junit.platform.launcher.core.DefaultLauncher.withInterceptedStreams(DefaultLauncher.java:202)
	at org.junit.platform.launcher.core.DefaultLauncher.execute(DefaultLauncher.java:181)
	at org.junit.platform.launcher.core.DefaultLauncher.execute(DefaultLauncher.java:128)
	at org.gradle.api.internal.tasks.testing.junitplatform.JUnitPlatformTestClassProcessor$CollectAllTestClassesExecutor.processAllTestClasses(JUnitPlatformTestClassProcessor.java:102)
	at org.gradle.api.internal.tasks.testing.junitplatform.JUnitPlatformTestClassProcessor$CollectAllTestClassesExecutor.access$000(JUnitPlatformTestClassProcessor.java:82)
	at org.gradle.api.internal.tasks.testing.junitplatform.JUnitPlatformTestClassProcessor.stop(JUnitPlatformTestClassProcessor.java:78)
	at org.gradle.api.internal.tasks.testing.SuiteTestClassProcessor.stop(SuiteTestClassProcessor.java:61)
	at java.base/jdk.internal.reflect.NativeMethodAccessorImpl.invoke0(Native Method)
	at java.base/jdk.internal.reflect.NativeMethodAccessorImpl.invoke(NativeMethodAccessorImpl.java:62)
	at java.base/jdk.internal.reflect.DelegatingMethodAccessorImpl.invoke(DelegatingMethodAccessorImpl.java:43)
	at java.base/java.lang.reflect.Method.invoke(Method.java:566)
	at org.gradle.internal.dispatch.ReflectionDispatch.dispatch(ReflectionDispatch.java:35)
	at org.gradle.internal.dispatch.ReflectionDispatch.dispatch(ReflectionDispatch.java:24)
	at org.gradle.internal.dispatch.ContextClassLoaderDispatch.dispatch(ContextClassLoaderDispatch.java:32)
	at org.gradle.internal.dispatch.ProxyDispatchAdapter$DispatchingInvocationHandler.invoke(ProxyDispatchAdapter.java:93)
	at com.sun.proxy.$Proxy2.stop(Unknown Source)
	at org.gradle.api.internal.tasks.testing.worker.TestWorker.stop(TestWorker.java:132)
	at java.base/jdk.internal.reflect.NativeMethodAccessorImpl.invoke0(Native Method)
	at java.base/jdk.internal.reflect.NativeMethodAccessorImpl.invoke(NativeMethodAccessorImpl.java:62)
	at java.base/jdk.internal.reflect.DelegatingMethodAccessorImpl.invoke(DelegatingMethodAccessorImpl.java:43)
	at java.base/java.lang.reflect.Method.invoke(Method.java:566)
	at org.gradle.internal.dispatch.ReflectionDispatch.dispatch(ReflectionDispatch.java:35)
	at org.gradle.internal.dispatch.ReflectionDispatch.dispatch(ReflectionDispatch.java:24)
	at org.gradle.internal.remote.internal.hub.MessageHubBackedObjectConnection$DispatchWrapper.dispatch(MessageHubBackedObjectConnection.java:175)
	at org.gradle.internal.remote.internal.hub.MessageHubBackedObjectConnection$DispatchWrapper.dispatch(MessageHubBackedObjectConnection.java:157)
	at org.gradle.internal.remote.internal.hub.MessageHub$Handler.run(MessageHub.java:404)
	at org.gradle.internal.concurrent.ExecutorPolicy$CatchAndRecordFailures.onExecute(ExecutorPolicy.java:63)
	at org.gradle.internal.concurrent.ManagedExecutorImpl$1.run(ManagedExecutorImpl.java:46)
	at java.base/java.util.concurrent.ThreadPoolExecutor.runWorker(ThreadPoolExecutor.java:1128)
	at java.base/java.util.concurrent.ThreadPoolExecutor$Worker.run(ThreadPoolExecutor.java:628)
	at org.gradle.internal.concurrent.ThreadFactoryImpl$ManagedThreadRunnable.run(ThreadFactoryImpl.java:55)
	at java.base/java.lang.Thread.run(Thread.java:834)
</failure>
  </testcase>
  <testcase name="StartTimer()" classname="TEST.TimerTest" time="2.001"/>
  <testcase name="ClearTimer()" classname="TEST.TimerTest" time="0.001"/>
  <testcase name="setTimer()" classname="TEST.TimerTest" time="0.0"/>
  <testcase name="PauseTimer()" classname="TEST.TimerTest" time="6.003">
    <failure message="org.opentest4j.AssertionFailedError: expected: &lt;9&gt; but was: &lt;6&gt;" type="org.opentest4j.AssertionFailedError">org.opentest4j.AssertionFailedError: expected: &lt;9&gt; but was: &lt;6&gt;
	at org.junit.jupiter.api.AssertionUtils.fail(AssertionUtils.java:55)
	at org.junit.jupiter.api.AssertionUtils.failNotEqual(AssertionUtils.java:62)
	at org.junit.jupiter.api.AssertEquals.assertEquals(AssertEquals.java:150)
	at org.junit.jupiter.api.AssertEquals.assertEquals(AssertEquals.java:145)
	at org.junit.jupiter.api.Assertions.assertEquals(Assertions.java:510)
	at TEST.TimerTest.PauseTimer(TimerTest.java:51)
	at java.base/jdk.internal.reflect.NativeMethodAccessorImpl.invoke0(Native Method)
	at java.base/jdk.internal.reflect.NativeMethodAccessorImpl.invoke(NativeMethodAccessorImpl.java:62)
	at java.base/jdk.internal.reflect.DelegatingMethodAccessorImpl.invoke(DelegatingMethodAccessorImpl.java:43)
	at java.base/java.lang.reflect.Method.invoke(Method.java:566)
	at org.junit.platform.commons.util.ReflectionUtils.invokeMethod(ReflectionUtils.java:686)
	at org.junit.jupiter.engine.execution.MethodInvocation.proceed(MethodInvocation.java:60)
	at org.junit.jupiter.engine.execution.InvocationInterceptorChain$ValidatingInvocation.proceed(InvocationInterceptorChain.java:131)
	at org.junit.jupiter.engine.extension.TimeoutExtension.intercept(TimeoutExtension.java:149)
	at org.junit.jupiter.engine.extension.TimeoutExtension.interceptTestableMethod(TimeoutExtension.java:140)
	at org.junit.jupiter.engine.extension.TimeoutExtension.interceptTestMethod(TimeoutExtension.java:84)
	at org.junit.jupiter.engine.execution.ExecutableInvoker$ReflectiveInterceptorCall.lambda$ofVoidMethod$0(ExecutableInvoker.java:115)
	at org.junit.jupiter.engine.execution.ExecutableInvoker.lambda$invoke$0(ExecutableInvoker.java:105)
	at org.junit.jupiter.engine.execution.InvocationInterceptorChain$InterceptedInvocation.proceed(InvocationInterceptorChain.java:106)
	at org.junit.jupiter.engine.execution.InvocationInterceptorChain.proceed(InvocationInterceptorChain.java:64)
	at org.junit.jupiter.engine.execution.InvocationInterceptorChain.chainAndInvoke(InvocationInterceptorChain.java:45)
	at org.junit.jupiter.engine.execution.InvocationInterceptorChain.invoke(InvocationInterceptorChain.java:37)
	at org.junit.jupiter.engine.execution.ExecutableInvoker.invoke(ExecutableInvoker.java:104)
	at org.junit.jupiter.engine.execution.ExecutableInvoker.invoke(ExecutableInvoker.java:98)
	at org.junit.jupiter.engine.descriptor.TestMethodTestDescriptor.lambda$invokeTestMethod$6(TestMethodTestDescriptor.java:212)
	at org.junit.platform.engine.support.hierarchical.ThrowableCollector.execute(ThrowableCollector.java:73)
	at org.junit.jupiter.engine.descriptor.TestMethodTestDescriptor.invokeTestMethod(TestMethodTestDescriptor.java:208)
	at org.junit.jupiter.engine.descriptor.TestMethodTestDescriptor.execute(TestMethodTestDescriptor.java:137)
	at org.junit.jupiter.engine.descriptor.TestMethodTestDescriptor.execute(TestMethodTestDescriptor.java:71)
	at org.junit.platform.engine.support.hierarchical.NodeTestTask.lambda$executeRecursively$5(NodeTestTask.java:135)
	at org.junit.platform.engine.support.hierarchical.ThrowableCollector.execute(ThrowableCollector.java:73)
	at org.junit.platform.engine.support.hierarchical.NodeTestTask.lambda$executeRecursively$7(NodeTestTask.java:125)
	at org.junit.platform.engine.support.hierarchical.Node.around(Node.java:135)
	at org.junit.platform.engine.support.hierarchical.NodeTestTask.lambda$executeRecursively$8(NodeTestTask.java:123)
	at org.junit.platform.engine.support.hierarchical.ThrowableCollector.execute(ThrowableCollector.java:73)
	at org.junit.platform.engine.support.hierarchical.NodeTestTask.executeRecursively(NodeTestTask.java:122)
	at org.junit.platform.engine.support.hierarchical.NodeTestTask.execute(NodeTestTask.java:80)
	at java.base/java.util.ArrayList.forEach(ArrayList.java:1540)
	at org.junit.platform.engine.support.hierarchical.SameThreadHierarchicalTestExecutorService.invokeAll(SameThreadHierarchicalTestExecutorService.java:38)
	at org.junit.platform.engine.support.hierarchical.NodeTestTask.lambda$executeRecursively$5(NodeTestTask.java:139)
	at org.junit.platform.engine.support.hierarchical.ThrowableCollector.execute(ThrowableCollector.java:73)
	at org.junit.platform.engine.support.hierarchical.NodeTestTask.lambda$executeRecursively$7(NodeTestTask.java:125)
	at org.junit.platform.engine.support.hierarchical.Node.around(Node.java:135)
	at org.junit.platform.engine.support.hierarchical.NodeTestTask.lambda$executeRecursively$8(NodeTestTask.java:123)
	at org.junit.platform.engine.support.hierarchical.ThrowableCollector.execute(ThrowableCollector.java:73)
	at org.junit.platform.engine.support.hierarchical.NodeTestTask.executeRecursively(NodeTestTask.java:122)
	at org.junit.platform.engine.support.hierarchical.NodeTestTask.execute(NodeTestTask.java:80)
	at java.base/java.util.ArrayList.forEach(ArrayList.java:1540)
	at org.junit.platform.engine.support.hierarchical.SameThreadHierarchicalTestExecutorService.invokeAll(SameThreadHierarchicalTestExecutorService.java:38)
	at org.junit.platform.engine.support.hierarchical.NodeTestTask.lambda$executeRecursively$5(NodeTestTask.java:139)
	at org.junit.platform.engine.support.hierarchical.ThrowableCollector.execute(ThrowableCollector.java:73)
	at org.junit.platform.engine.support.hierarchical.NodeTestTask.lambda$executeRecursively$7(NodeTestTask.java:125)
	at org.junit.platform.engine.support.hierarchical.Node.around(Node.java:135)
	at org.junit.platform.engine.support.hierarchical.NodeTestTask.lambda$executeRecursively$8(NodeTestTask.java:123)
	at org.junit.platform.engine.support.hierarchical.ThrowableCollector.execute(ThrowableCollector.java:73)
	at org.junit.platform.engine.support.hierarchical.NodeTestTask.executeRecursively(NodeTestTask.java:122)
	at org.junit.platform.engine.support.hierarchical.NodeTestTask.execute(NodeTestTask.java:80)
	at org.junit.platform.engine.support.hierarchical.SameThreadHierarchicalTestExecutorService.submit(SameThreadHierarchicalTestExecutorService.java:32)
	at org.junit.platform.engine.support.hierarchical.HierarchicalTestExecutor.execute(HierarchicalTestExecutor.java:57)
	at org.junit.platform.engine.support.hierarchical.HierarchicalTestEngine.execute(HierarchicalTestEngine.java:51)
	at org.junit.platform.launcher.core.DefaultLauncher.execute(DefaultLauncher.java:220)
	at org.junit.platform.launcher.core.DefaultLauncher.lambda$execute$6(DefaultLauncher.java:188)
	at org.junit.platform.launcher.core.DefaultLauncher.withInterceptedStreams(DefaultLauncher.java:202)
	at org.junit.platform.launcher.core.DefaultLauncher.execute(DefaultLauncher.java:181)
	at org.junit.platform.launcher.core.DefaultLauncher.execute(DefaultLauncher.java:128)
	at org.gradle.api.internal.tasks.testing.junitplatform.JUnitPlatformTestClassProcessor$CollectAllTestClassesExecutor.processAllTestClasses(JUnitPlatformTestClassProcessor.java:102)
	at org.gradle.api.internal.tasks.testing.junitplatform.JUnitPlatformTestClassProcessor$CollectAllTestClassesExecutor.access$000(JUnitPlatformTestClassProcessor.java:82)
	at org.gradle.api.internal.tasks.testing.junitplatform.JUnitPlatformTestClassProcessor.stop(JUnitPlatformTestClassProcessor.java:78)
	at org.gradle.api.internal.tasks.testing.SuiteTestClassProcessor.stop(SuiteTestClassProcessor.java:61)
	at java.base/jdk.internal.reflect.NativeMethodAccessorImpl.invoke0(Native Method)
	at java.base/jdk.internal.reflect.NativeMethodAccessorImpl.invoke(NativeMethodAccessorImpl.java:62)
	at java.base/jdk.internal.reflect.DelegatingMethodAccessorImpl.invoke(DelegatingMethodAccessorImpl.java:43)
	at java.base/java.lang.reflect.Method.invoke(Method.java:566)
	at org.gradle.internal.dispatch.ReflectionDispatch.dispatch(ReflectionDispatch.java:35)
	at org.gradle.internal.dispatch.ReflectionDispatch.dispatch(ReflectionDispatch.java:24)
	at org.gradle.internal.dispatch.ContextClassLoaderDispatch.dispatch(ContextClassLoaderDispatch.java:32)
	at org.gradle.internal.dispatch.ProxyDispatchAdapter$DispatchingInvocationHandler.invoke(ProxyDispatchAdapter.java:93)
	at com.sun.proxy.$Proxy2.stop(Unknown Source)
	at org.gradle.api.internal.tasks.testing.worker.TestWorker.stop(TestWorker.java:132)
	at java.base/jdk.internal.reflect.NativeMethodAccessorImpl.invoke0(Native Method)
	at java.base/jdk.internal.reflect.NativeMethodAccessorImpl.invoke(NativeMethodAccessorImpl.java:62)
	at java.base/jdk.internal.reflect.DelegatingMethodAccessorImpl.invoke(DelegatingMethodAccessorImpl.java:43)
	at java.base/java.lang.reflect.Method.invoke(Method.java:566)
	at org.gradle.internal.dispatch.ReflectionDispatch.dispatch(ReflectionDispatch.java:35)
	at org.gradle.internal.dispatch.ReflectionDispatch.dispatch(ReflectionDispatch.java:24)
	at org.gradle.internal.remote.internal.hub.MessageHubBackedObjectConnection$DispatchWrapper.dispatch(MessageHubBackedObjectConnection.java:175)
	at org.gradle.internal.remote.internal.hub.MessageHubBackedObjectConnection$DispatchWrapper.dispatch(MessageHubBackedObjectConnection.java:157)
	at org.gradle.internal.remote.internal.hub.MessageHub$Handler.run(MessageHub.java:404)
	at org.gradle.internal.concurrent.ExecutorPolicy$CatchAndRecordFailures.onExecute(ExecutorPolicy.java:63)
	at org.gradle.internal.concurrent.ManagedExecutorImpl$1.run(ManagedExecutorImpl.java:46)
	at java.base/java.util.concurrent.ThreadPoolExecutor.runWorker(ThreadPoolExecutor.java:1128)
	at java.base/java.util.concurrent.ThreadPoolExecutor$Worker.run(ThreadPoolExecutor.java:628)
	at org.gradle.internal.concurrent.ThreadFactoryImpl$ManagedThreadRunnable.run(ThreadFactoryImpl.java:55)
	at java.base/java.lang.Thread.run(Thread.java:834)
</failure>
  </testcase>
  <system-out><![CDATA[2020-06-16T13:32:27.808186900
in Timekeeping
Main display call : <html>13 : 32 : 27</html>
Sub display call : <html>20 06 16 화</html>
2020-06-16T13:32:28.124201500
in Timekeeping
Main display call : <html>13 : 32 : 28</html>
Sub display call : <html>20 06 16 화</html>
2020-06-16T13:32:28.213202
in Timekeeping
Main display call : <html>13 : 32 : 28</html>
Sub display call : <html>20 06 16 화</html>
2020-06-16T13:32:28.227204300
in Timekeeping
Main display call : <html>13 : 32 : 28</html>
Sub display call : <html>20 06 16 화</html>
2020-06-16T13:32:28.230203100
in Timekeeping
Main display call : <html>13 : 32 : 28</html>
Sub display call : <html>20 06 16 화</html>
2020-06-16T13:32:28.232202200
in Timekeeping
Main display call : <html>13 : 32 : 28</html>
Sub display call : <html>20 06 16 화</html>
2020-06-16T13:32:28.235203200
in Timekeeping
Main display call : <html>13 : 32 : 28</html>
Sub display call : <html>20 06 16 화</html>
2020-06-16T13:32:28.249204700
in Timekeeping
Main display call : <html>13 : 32 : 28</html>
Sub display call : <html>20 06 16 화</html>
2020-06-16T13:32:28.252203200
in Timekeeping
Main display call : <html>13 : 32 : 28</html>
Sub display call : <html>20 06 16 화</html>
2020-06-16T13:32:28.254202800
in Timekeeping
Main display call : <html>13 : 32 : 28</html>
Sub display call : <html><font color='red'>20</font> 06 16 화</html>
2020-06-16T13:32:28.780422
in Timekeeping
Main display call : <html>13 : 32 : 28</html>
Sub display call : <html>20 06 16 화</html>
in StopWatch
Main display call : <html>00 : 00 : 05</html>
Sub display call : <html>20 06 16 화</html>
2020-06-16T13:32:27.787184900
in Timekeeping
Main display call : <html>13 : <font color='red'>32</font> : 27</html>
Sub display call : <html>20 06 16 화</html>
2020-06-16T13:32:28.808186900
in Timekeeping
Main display call : <html>13 : 32 : 28</html>
Sub display call : <html>20 06 16 화</html>
2020-06-16T13:32:29.124201500
in Timekeeping
Main display call : <html>13 : 32 : 29</html>
Sub display call : <html>20 06 16 화</html>
2020-06-16T13:32:29.213202
in Timekeeping
Main display call : <html>13 : 32 : 29</html>
Sub display call : <html>20 06 16 화</html>
2020-06-16T13:32:29.227204300
in Timekeeping
Main display call : <html>13 : 32 : 29</html>
Sub display call : <html>20 06 16 화</html>
2020-06-16T13:32:29.230203100
in Timekeeping
Main display call : <html>13 : 32 : 29</html>
Sub display call : <html>20 06 16 화</html>
2020-06-16T13:32:29.232202200
in Timekeeping
Main display call : <html>13 : 32 : 29</html>
Sub display call : <html>20 06 16 화</html>
2020-06-16T13:32:29.235203200
in Timekeeping
Main display call : <html>13 : 32 : 29</html>
Sub display call : <html>20 06 16 화</html>
2020-06-16T13:32:29.249204700
in Timekeeping
Main display call : <html>13 : 32 : 29</html>
Sub display call : <html>20 06 16 화</html>
2020-06-16T13:32:29.252203200
in Timekeeping
Main display call : <html>13 : 32 : 29</html>
Sub display call : <html>20 06 16 화</html>
2020-06-16T13:32:29.254202800
in Timekeeping
Main display call : <html>13 : 32 : 29</html>
Sub display call : <html><font color='red'>20</font> 06 16 화</html>
2020-06-16T13:32:29.780422
in Timekeeping
Main display call : <html>13 : 32 : 29</html>
Sub display call : <html>20 06 16 화</html>
in StopWatch
Main display call : <html>00 : 00 : 06</html>
Sub display call : <html>20 06 16 화</html>
2020-06-16T13:32:28.787184900
in Timekeeping
Main display call : <html>13 : <font color='red'>32</font> : 28</html>
Sub display call : <html>20 06 16 화</html>
2020-06-16T13:32:29.808186900
in Timekeeping
Main display call : <html>13 : 32 : 29</html>
Sub display call : <html>20 06 16 화</html>
2020-06-16T13:32:30.124201500
in Timekeeping
Main display call : <html>13 : 32 : 30</html>
Sub display call : <html>20 06 16 화</html>
2020-06-16T13:32:30.213202
in Timekeeping
Main display call : <html>13 : 32 : 30</html>
Sub display call : <html>20 06 16 화</html>
2020-06-16T13:32:30.227204300
in Timekeeping
Main display call : <html>13 : 32 : 30</html>
Sub display call : <html>20 06 16 화</html>
2020-06-16T13:32:30.230203100
in Timekeeping
Main display call : <html>13 : 32 : 30</html>
Sub display call : <html>20 06 16 화</html>
2020-06-16T13:32:30.232202200
in Timekeeping
Main display call : <html>13 : 32 : 30</html>
Sub display call : <html>20 06 16 화</html>
2020-06-16T13:32:30.235203200
in Timekeeping
Main display call : <html>13 : 32 : 30</html>
Sub display call : <html>20 06 16 화</html>
2020-06-16T13:32:30.249204700
in Timekeeping
Main display call : <html>13 : 32 : 30</html>
Sub display call : <html>20 06 16 화</html>
2020-06-16T13:32:30.252203200
in Timekeeping
Main display call : <html>13 : 32 : 30</html>
Sub display call : <html>20 06 16 화</html>
2020-06-16T13:32:30.254202800
in Timekeeping
Main display call : <html>13 : 32 : 30</html>
Sub display call : <html><font color='red'>20</font> 06 16 화</html>
2020-06-16T13:32:30.780422
in Timekeeping
Main display call : <html>13 : 32 : 30</html>
Sub display call : <html>20 06 16 화</html>
in StopWatch
Main display call : <html>00 : 00 : 07</html>
Sub display call : <html>20 06 16 화</html>
2020-06-16T13:32:29.787184900
in Timekeeping
Main display call : <html>13 : <font color='red'>32</font> : 29</html>
Sub display call : <html>20 06 16 화</html>
2020-06-16T13:32:30.808186900
in Timekeeping
Main display call : <html>13 : 32 : 30</html>
Sub display call : <html>20 06 16 화</html>
2020-06-16T13:32:31.124201500
in Timekeeping
Main display call : <html>13 : 32 : 31</html>
Sub display call : <html>20 06 16 화</html>
2020-06-16T13:32:31.213202
in Timekeeping
Main display call : <html>13 : 32 : 31</html>
Sub display call : <html>20 06 16 화</html>
2020-06-16T13:32:31.227204300
in Timekeeping
Main display call : <html>13 : 32 : 31</html>
Sub display call : <html>20 06 16 화</html>
2020-06-16T13:32:31.230203100
in Timekeeping
Main display call : <html>13 : 32 : 31</html>
Sub display call : <html>20 06 16 화</html>
2020-06-16T13:32:31.232202200
in Timekeeping
Main display call : <html>13 : 32 : 31</html>
Sub display call : <html>20 06 16 화</html>
2020-06-16T13:32:31.235203200
in Timekeeping
Main display call : <html>13 : 32 : 31</html>
Sub display call : <html>20 06 16 화</html>
2020-06-16T13:32:31.249204700
in Timekeeping
Main display call : <html>13 : 32 : 31</html>
Sub display call : <html>20 06 16 화</html>
2020-06-16T13:32:31.252203200
in Timekeeping
Main display call : <html>13 : 32 : 31</html>
Sub display call : <html>20 06 16 화</html>
2020-06-16T13:32:31.254202800
in Timekeeping
Main display call : <html>13 : 32 : 31</html>
Sub display call : <html><font color='red'>20</font> 06 16 화</html>
2020-06-16T13:32:31.780422
in Timekeeping
Main display call : <html>13 : 32 : 31</html>
Sub display call : <html>20 06 16 화</html>
in StopWatch
Main display call : <html>00 : 00 : 08</html>
Sub display call : <html>20 06 16 화</html>
2020-06-16T13:32:30.787184900
in Timekeeping
Main display call : <html>13 : <font color='red'>32</font> : 30</html>
Sub display call : <html>20 06 16 화</html>
2020-06-16T13:32:31.808186900
in Timekeeping
Main display call : <html>13 : 32 : 31</html>
Sub display call : <html>20 06 16 화</html>
2020-06-16T13:32:32.124201500
in Timekeeping
Main display call : <html>13 : 32 : 32</html>
Sub display call : <html>20 06 16 화</html>
2020-06-16T13:32:32.213202
in Timekeeping
Main display call : <html>13 : 32 : 32</html>
Sub display call : <html>20 06 16 화</html>
2020-06-16T13:32:32.227204300
in Timekeeping
Main display call : <html>13 : 32 : 32</html>
Sub display call : <html>20 06 16 화</html>
2020-06-16T13:32:32.230203100
in Timekeeping
Main display call : <html>13 : 32 : 32</html>
Sub display call : <html>20 06 16 화</html>
2020-06-16T13:32:32.232202200
in Timekeeping
Main display call : <html>13 : 32 : 32</html>
Sub display call : <html>20 06 16 화</html>
2020-06-16T13:32:32.235203200
in Timekeeping
Main display call : <html>13 : 32 : 32</html>
Sub display call : <html>20 06 16 화</html>
2020-06-16T13:32:32.249204700
in Timekeeping
Main display call : <html>13 : 32 : 32</html>
Sub display call : <html>20 06 16 화</html>
2020-06-16T13:32:32.252203200
in Timekeeping
Main display call : <html>13 : 32 : 32</html>
Sub display call : <html>20 06 16 화</html>
2020-06-16T13:32:32.254202800
in Timekeeping
Main display call : <html>13 : 32 : 32</html>
Sub display call : <html><font color='red'>20</font> 06 16 화</html>
2020-06-16T13:32:32.780422
in Timekeeping
Main display call : <html>13 : 32 : 32</html>
Sub display call : <html>20 06 16 화</html>
in StopWatch
Main display call : <html>00 : 00 : 09</html>
Sub display call : <html>20 06 16 화</html>
2020-06-16T13:32:31.787184900
in Timekeeping
Main display call : <html>13 : <font color='red'>32</font> : 31</html>
Sub display call : <html>20 06 16 화</html>
2020-06-16T13:32:32.808186900
in Timekeeping
Main display call : <html>13 : 32 : 32</html>
Sub display call : <html>20 06 16 화</html>
2020-06-16T13:32:33.124201500
in Timekeeping
Main display call : <html>13 : 32 : 33</html>
Sub display call : <html>20 06 16 화</html>
2020-06-16T13:32:33.213202
in Timekeeping
Main display call : <html>13 : 32 : 33</html>
Sub display call : <html>20 06 16 화</html>
2020-06-16T13:32:33.227204300
in Timekeeping
Main display call : <html>13 : 32 : 33</html>
Sub display call : <html>20 06 16 화</html>
2020-06-16T13:32:33.230203100
in Timekeeping
Main display call : <html>13 : 32 : 33</html>
Sub display call : <html>20 06 16 화</html>
2020-06-16T13:32:33.232202200
in Timekeeping
Main display call : <html>13 : 32 : 33</html>
Sub display call : <html>20 06 16 화</html>
2020-06-16T13:32:33.235203200
in Timekeeping
Main display call : <html>13 : 32 : 33</html>
Sub display call : <html>20 06 16 화</html>
2020-06-16T13:32:33.249204700
in Timekeeping
Main display call : <html>13 : 32 : 33</html>
Sub display call : <html>20 06 16 화</html>
2020-06-16T13:32:33.252203200
in Timekeeping
Main display call : <html>13 : 32 : 33</html>
Sub display call : <html>20 06 16 화</html>
2020-06-16T13:32:33.254202800
in Timekeeping
Main display call : <html>13 : 32 : 33</html>
Sub display call : <html><font color='red'>20</font> 06 16 화</html>
2020-06-16T13:32:33.780422
in Timekeeping
Main display call : <html>13 : 32 : 33</html>
Sub display call : <html>20 06 16 화</html>
in StopWatch
Main display call : <html>00 : 00 : 10</html>
Sub display call : <html>20 06 16 화</html>
2020-06-16T13:32:32.787184900
in Timekeeping
Main display call : <html>13 : <font color='red'>32</font> : 32</html>
Sub display call : <html>20 06 16 화</html>
2020-06-16T13:32:33.808186900
in Timekeeping
Main display call : <html>13 : 32 : 33</html>
Sub display call : <html>20 06 16 화</html>
2020-06-16T13:32:34.124201500
in Timekeeping
Main display call : <html>13 : 32 : 34</html>
Sub display call : <html>20 06 16 화</html>
2020-06-16T13:32:34.213202
in Timekeeping
Main display call : <html>13 : 32 : 34</html>
Sub display call : <html>20 06 16 화</html>
2020-06-16T13:32:34.227204300
in Timekeeping
Main display call : <html>13 : 32 : 34</html>
Sub display call : <html>20 06 16 화</html>
2020-06-16T13:32:34.230203100
in Timekeeping
Main display call : <html>13 : 32 : 34</html>
Sub display call : <html>20 06 16 화</html>
2020-06-16T13:32:34.232202200
in Timekeeping
Main display call : <html>13 : 32 : 34</html>
Sub display call : <html>20 06 16 화</html>
2020-06-16T13:32:34.235203200
in Timekeeping
Main display call : <html>13 : 32 : 34</html>
Sub display call : <html>20 06 16 화</html>
2020-06-16T13:32:34.249204700
in Timekeeping
Main display call : <html>13 : 32 : 34</html>
Sub display call : <html>20 06 16 화</html>
2020-06-16T13:32:34.252203200
in Timekeeping
Main display call : <html>13 : 32 : 34</html>
Sub display call : <html>20 06 16 화</html>
2020-06-16T13:32:34.254202800
in Timekeeping
Main display call : <html>13 : 32 : 34</html>
Sub display call : <html><font color='red'>20</font> 06 16 화</html>
2020-06-16T13:32:34.780422
in Timekeeping
Main display call : <html>13 : 32 : 34</html>
Sub display call : <html>20 06 16 화</html>
in StopWatch
Main display call : <html>00 : 00 : 11</html>
Sub display call : <html>20 06 16 화</html>
2020-06-16T13:32:33.787184900
in Timekeeping
Main display call : <html>13 : <font color='red'>32</font> : 33</html>
Sub display call : <html>20 06 16 화</html>
2020-06-16T13:32:34.808186900
in Timekeeping
Main display call : <html>13 : 32 : 34</html>
Sub display call : <html>20 06 16 화</html>
2020-06-16T13:32:35.124201500
in Timekeeping
Main display call : <html>13 : 32 : 35</html>
Sub display call : <html>20 06 16 화</html>
2020-06-16T13:32:35.213202
in Timekeeping
Main display call : <html>13 : 32 : 35</html>
Sub display call : <html>20 06 16 화</html>
2020-06-16T13:32:35.227204300
in Timekeeping
Main display call : <html>13 : 32 : 35</html>
Sub display call : <html>20 06 16 화</html>
2020-06-16T13:32:35.230203100
in Timekeeping
Main display call : <html>13 : 32 : 35</html>
Sub display call : <html>20 06 16 화</html>
2020-06-16T13:32:35.232202200
in Timekeeping
Main display call : <html>13 : 32 : 35</html>
Sub display call : <html>20 06 16 화</html>
2020-06-16T13:32:35.235203200
in Timekeeping
Main display call : <html>13 : 32 : 35</html>
Sub display call : <html>20 06 16 화</html>
2020-06-16T13:32:35.249204700
in Timekeeping
Main display call : <html>13 : 32 : 35</html>
Sub display call : <html>20 06 16 화</html>
2020-06-16T13:32:35.252203200
in Timekeeping
Main display call : <html>13 : 32 : 35</html>
Sub display call : <html>20 06 16 화</html>
2020-06-16T13:32:35.254202800
in Timekeeping
Main display call : <html>13 : 32 : 35</html>
Sub display call : <html><font color='red'>20</font> 06 16 화</html>
2020-06-16T13:32:35.780422
in Timekeeping
Main display call : <html>13 : 32 : 35</html>
Sub display call : <html>20 06 16 화</html>
in StopWatch
Main display call : <html>00 : 00 : 12</html>
Sub display call : <html>20 06 16 화</html>
2020-06-16T13:32:34.787184900
in Timekeeping
Main display call : <html>13 : <font color='red'>32</font> : 34</html>
Sub display call : <html>20 06 16 화</html>
2020-06-16T13:32:35.808186900
in Timekeeping
Main display call : <html>13 : 32 : 35</html>
Sub display call : <html>20 06 16 화</html>
]]></system-out>
  <system-err><![CDATA[Exception in thread "Timer-137" java.lang.NullPointerException
	at RDM.Timer$1.run(Timer.java:143)
	at java.base/java.util.TimerThread.mainLoop(Timer.java:556)
	at java.base/java.util.TimerThread.run(Timer.java:506)
Exception in thread "Timer-140" java.lang.NullPointerException
	at RDM.Timer$1.run(Timer.java:143)
	at java.base/java.util.TimerThread.mainLoop(Timer.java:556)
	at java.base/java.util.TimerThread.run(Timer.java:506)
]]></system-err>
</testsuite>
